{"/Users/rpids/WebstormProjects/converter/src/App.tsx": {"path":"/Users/rpids/WebstormProjects/converter/src/App.tsx","statementMap":{"0":{"start":{"line":10,"column":21},"end":{"line":27,"column":1}},"1":{"start":{"line":12,"column":16},"end":{"line":12,"column":51}},"2":{"start":{"line":13,"column":40},"end":{"line":13,"column":66}},"3":{"start":{"line":15,"column":2},"end":{"line":26,"column":4}}},"fnMap":{"0":{"name":"(anonymous_0)","decl":{"start":{"line":10,"column":21},"end":{"line":10,"column":22}},"loc":{"start":{"line":10,"column":27},"end":{"line":27,"column":1}},"line":10}},"branchMap":{"0":{"loc":{"start":{"line":19,"column":13},"end":{"line":20,"column":84}},"type":"binary-expr","locations":[{"start":{"line":19,"column":13},"end":{"line":19,"column":37}},{"start":{"line":20,"column":16},"end":{"line":20,"column":84}}],"line":19},"1":{"loc":{"start":{"line":21,"column":13},"end":{"line":22,"column":84}},"type":"binary-expr","locations":[{"start":{"line":21,"column":13},"end":{"line":21,"column":37}},{"start":{"line":22,"column":16},"end":{"line":22,"column":84}}],"line":21},"2":{"loc":{"start":{"line":23,"column":13},"end":{"line":24,"column":94}},"type":"binary-expr","locations":[{"start":{"line":23,"column":13},"end":{"line":23,"column":42}},{"start":{"line":24,"column":16},"end":{"line":24,"column":94}}],"line":23}},"s":{"0":0,"1":0,"2":0,"3":0},"f":{"0":0},"b":{"0":[0,0],"1":[0,0],"2":[0,0]}}
,"/Users/rpids/WebstormProjects/converter/src/index.tsx": {"path":"/Users/rpids/WebstormProjects/converter/src/index.tsx","statementMap":{"0":{"start":{"line":6,"column":0},"end":{"line":11,"column":2}}},"fnMap":{},"branchMap":{},"s":{"0":0},"f":{},"b":{}}
,"/Users/rpids/WebstormProjects/converter/src/reportWebVitals.ts": {"path":"/Users/rpids/WebstormProjects/converter/src/reportWebVitals.ts","statementMap":{"0":{"start":{"line":3,"column":24},"end":{"line":13,"column":1}},"1":{"start":{"line":4,"column":2},"end":{"line":12,"column":3}},"2":{"start":{"line":5,"column":4},"end":{"line":11,"column":7}},"3":{"start":{"line":6,"column":6},"end":{"line":6,"column":26}},"4":{"start":{"line":7,"column":6},"end":{"line":7,"column":26}},"5":{"start":{"line":8,"column":6},"end":{"line":8,"column":26}},"6":{"start":{"line":9,"column":6},"end":{"line":9,"column":26}},"7":{"start":{"line":10,"column":6},"end":{"line":10,"column":27}}},"fnMap":{"0":{"name":"(anonymous_0)","decl":{"start":{"line":3,"column":24},"end":{"line":3,"column":25}},"loc":{"start":{"line":3,"column":57},"end":{"line":13,"column":1}},"line":3},"1":{"name":"(anonymous_1)","decl":{"start":{"line":5,"column":30},"end":{"line":5,"column":31}},"loc":{"start":{"line":5,"column":79},"end":{"line":11,"column":5}},"line":5}},"branchMap":{"0":{"loc":{"start":{"line":4,"column":2},"end":{"line":12,"column":3}},"type":"if","locations":[{"start":{"line":4,"column":2},"end":{"line":12,"column":3}},{"start":{},"end":{}}],"line":4},"1":{"loc":{"start":{"line":4,"column":6},"end":{"line":4,"column":52}},"type":"binary-expr","locations":[{"start":{"line":4,"column":6},"end":{"line":4,"column":17}},{"start":{"line":4,"column":21},"end":{"line":4,"column":52}}],"line":4}},"s":{"0":0,"1":0,"2":0,"3":0,"4":0,"5":0,"6":0,"7":0},"f":{"0":0,"1":0},"b":{"0":[0,0],"1":[0,0]}}
,"/Users/rpids/WebstormProjects/converter/src/components/Converting/Converting.tsx": {"path":"/Users/rpids/WebstormProjects/converter/src/components/Converting/Converting.tsx","statementMap":{"0":{"start":{"line":10,"column":46},"end":{"line":40,"column":1}},"1":{"start":{"line":12,"column":42},"end":{"line":12,"column":74}},"2":{"start":{"line":13,"column":38},"end":{"line":13,"column":70}},"3":{"start":{"line":14,"column":44},"end":{"line":14,"column":64}},"4":{"start":{"line":15,"column":32},"end":{"line":15,"column":52}},"5":{"start":{"line":17,"column":20},"end":{"line":19,"column":5}},"6":{"start":{"line":18,"column":8},"end":{"line":18,"column":80}},"7":{"start":{"line":21,"column":26},"end":{"line":23,"column":5}},"8":{"start":{"line":22,"column":8},"end":{"line":22,"column":44}},"9":{"start":{"line":25,"column":4},"end":{"line":39,"column":5}}},"fnMap":{"0":{"name":"(anonymous_0)","decl":{"start":{"line":10,"column":46},"end":{"line":10,"column":47}},"loc":{"start":{"line":10,"column":57},"end":{"line":40,"column":1}},"line":10},"1":{"name":"(anonymous_1)","decl":{"start":{"line":17,"column":20},"end":{"line":17,"column":21}},"loc":{"start":{"line":17,"column":31},"end":{"line":19,"column":5}},"line":17},"2":{"name":"(anonymous_2)","decl":{"start":{"line":21,"column":26},"end":{"line":21,"column":27}},"loc":{"start":{"line":21,"column":78},"end":{"line":23,"column":5}},"line":21}},"branchMap":{},"s":{"0":0,"1":0,"2":0,"3":0,"4":0,"5":0,"6":0,"7":0,"8":0,"9":0},"f":{"0":0,"1":0,"2":0},"b":{}}
,"/Users/rpids/WebstormProjects/converter/src/components/DateField/DateField.tsx": {"path":"/Users/rpids/WebstormProjects/converter/src/components/DateField/DateField.tsx","statementMap":{"0":{"start":{"line":4,"column":27},"end":{"line":26,"column":1}},"1":{"start":{"line":5,"column":30},"end":{"line":5,"column":79}},"2":{"start":{"line":7,"column":4},"end":{"line":15,"column":11}},"3":{"start":{"line":8,"column":22},"end":{"line":11,"column":9}},"4":{"start":{"line":9,"column":23},"end":{"line":9,"column":64}},"5":{"start":{"line":12,"column":8},"end":{"line":14,"column":9}},"6":{"start":{"line":13,"column":12},"end":{"line":13,"column":33}},"7":{"start":{"line":17,"column":4},"end":{"line":25,"column":10}}},"fnMap":{"0":{"name":"(anonymous_0)","decl":{"start":{"line":4,"column":27},"end":{"line":4,"column":28}},"loc":{"start":{"line":4,"column":33},"end":{"line":26,"column":1}},"line":4},"1":{"name":"(anonymous_1)","decl":{"start":{"line":7,"column":14},"end":{"line":7,"column":15}},"loc":{"start":{"line":7,"column":19},"end":{"line":15,"column":5}},"line":7},"2":{"name":"(anonymous_2)","decl":{"start":{"line":9,"column":12},"end":{"line":9,"column":13}},"loc":{"start":{"line":9,"column":23},"end":{"line":9,"column":64}},"line":9},"3":{"name":"(anonymous_3)","decl":{"start":{"line":12,"column":15},"end":{"line":12,"column":16}},"loc":{"start":{"line":12,"column":20},"end":{"line":14,"column":9}},"line":12}},"branchMap":{},"s":{"0":0,"1":0,"2":0,"3":0,"4":0,"5":0,"6":0,"7":0},"f":{"0":0,"1":0,"2":0,"3":0},"b":{}}
,"/Users/rpids/WebstormProjects/converter/src/components/DropDownList/DropDownList.tsx": {"path":"/Users/rpids/WebstormProjects/converter/src/components/DropDownList/DropDownList.tsx","statementMap":{"0":{"start":{"line":9,"column":50},"end":{"line":18,"column":1}},"1":{"start":{"line":11,"column":24},"end":{"line":13,"column":5}},"2":{"start":{"line":12,"column":8},"end":{"line":12,"column":49}},"3":{"start":{"line":14,"column":4},"end":{"line":17,"column":13}},"4":{"start":{"line":16,"column":12},"end":{"line":16,"column":62}}},"fnMap":{"0":{"name":"(anonymous_0)","decl":{"start":{"line":9,"column":50},"end":{"line":9,"column":51}},"loc":{"start":{"line":9,"column":61},"end":{"line":18,"column":1}},"line":9},"1":{"name":"(anonymous_1)","decl":{"start":{"line":11,"column":24},"end":{"line":11,"column":25}},"loc":{"start":{"line":11,"column":78},"end":{"line":13,"column":5}},"line":11},"2":{"name":"(anonymous_2)","decl":{"start":{"line":15,"column":26},"end":{"line":15,"column":27}},"loc":{"start":{"line":16,"column":12},"end":{"line":16,"column":62}},"line":16}},"branchMap":{},"s":{"0":0,"1":0,"2":0,"3":0,"4":0},"f":{"0":0,"1":0,"2":0},"b":{}}
,"/Users/rpids/WebstormProjects/converter/src/components/Menu/Menu.tsx": {"path":"/Users/rpids/WebstormProjects/converter/src/components/Menu/Menu.tsx","statementMap":{"0":{"start":{"line":11,"column":34},"end":{"line":23,"column":1}},"1":{"start":{"line":12,"column":4},"end":{"line":22,"column":6}},"2":{"start":{"line":17,"column":19},"end":{"line":17,"column":114}}},"fnMap":{"0":{"name":"(anonymous_0)","decl":{"start":{"line":11,"column":34},"end":{"line":11,"column":35}},"loc":{"start":{"line":11,"column":45},"end":{"line":23,"column":1}},"line":11},"1":{"name":"(anonymous_1)","decl":{"start":{"line":16,"column":33},"end":{"line":16,"column":34}},"loc":{"start":{"line":17,"column":19},"end":{"line":17,"column":114}},"line":17}},"branchMap":{},"s":{"0":0,"1":0,"2":0},"f":{"0":0,"1":0},"b":{}}
,"/Users/rpids/WebstormProjects/converter/src/components/MenuLink/MenuLink.tsx": {"path":"/Users/rpids/WebstormProjects/converter/src/components/MenuLink/MenuLink.tsx","statementMap":{"0":{"start":{"line":10,"column":42},"end":{"line":15,"column":1}},"1":{"start":{"line":11,"column":4},"end":{"line":14,"column":20}},"2":{"start":{"line":12,"column":26},"end":{"line":12,"column":58}}},"fnMap":{"0":{"name":"(anonymous_0)","decl":{"start":{"line":10,"column":42},"end":{"line":10,"column":43}},"loc":{"start":{"line":10,"column":53},"end":{"line":15,"column":1}},"line":10},"1":{"name":"(anonymous_1)","decl":{"start":{"line":12,"column":21},"end":{"line":12,"column":22}},"loc":{"start":{"line":12,"column":26},"end":{"line":12,"column":58}},"line":12}},"branchMap":{"0":{"loc":{"start":{"line":13,"column":23},"end":{"line":13,"column":70}},"type":"cond-expr","locations":[{"start":{"line":13,"column":51},"end":{"line":13,"column":60}},{"start":{"line":13,"column":63},"end":{"line":13,"column":70}}],"line":13}},"s":{"0":0,"1":0,"2":0},"f":{"0":0,"1":0},"b":{"0":[0,0]}}
,"/Users/rpids/WebstormProjects/converter/src/functions/lengthFunctions.ts": {"path":"/Users/rpids/WebstormProjects/converter/src/functions/lengthFunctions.ts","statementMap":{"0":{"start":{"line":1,"column":19},"end":{"line":14,"column":1}},"1":{"start":{"line":2,"column":14},"end":{"line":2,"column":29}},"2":{"start":{"line":3,"column":4},"end":{"line":13,"column":5}},"3":{"start":{"line":5,"column":12},"end":{"line":5,"column":39}},"4":{"start":{"line":7,"column":12},"end":{"line":7,"column":54}},"5":{"start":{"line":9,"column":12},"end":{"line":9,"column":54}},"6":{"start":{"line":11,"column":12},"end":{"line":11,"column":58}},"7":{"start":{"line":12,"column":17},"end":{"line":12,"column":30}},"8":{"start":{"line":16,"column":22},"end":{"line":29,"column":1}},"9":{"start":{"line":17,"column":15},"end":{"line":17,"column":30}},"10":{"start":{"line":18,"column":4},"end":{"line":28,"column":5}},"11":{"start":{"line":20,"column":12},"end":{"line":20,"column":40}},"12":{"start":{"line":22,"column":12},"end":{"line":22,"column":55}},"13":{"start":{"line":24,"column":12},"end":{"line":24,"column":55}},"14":{"start":{"line":26,"column":12},"end":{"line":26,"column":56}},"15":{"start":{"line":27,"column":17},"end":{"line":27,"column":30}},"16":{"start":{"line":31,"column":17},"end":{"line":44,"column":1}},"17":{"start":{"line":32,"column":14},"end":{"line":32,"column":29}},"18":{"start":{"line":33,"column":4},"end":{"line":43,"column":5}},"19":{"start":{"line":35,"column":12},"end":{"line":35,"column":54}},"20":{"start":{"line":37,"column":12},"end":{"line":37,"column":54}},"21":{"start":{"line":39,"column":12},"end":{"line":39,"column":55}},"22":{"start":{"line":41,"column":12},"end":{"line":41,"column":58}},"23":{"start":{"line":42,"column":17},"end":{"line":42,"column":30}},"24":{"start":{"line":46,"column":18},"end":{"line":59,"column":1}},"25":{"start":{"line":47,"column":14},"end":{"line":47,"column":29}},"26":{"start":{"line":48,"column":4},"end":{"line":58,"column":5}},"27":{"start":{"line":50,"column":12},"end":{"line":50,"column":54}},"28":{"start":{"line":52,"column":12},"end":{"line":52,"column":54}},"29":{"start":{"line":54,"column":12},"end":{"line":54,"column":36}},"30":{"start":{"line":56,"column":12},"end":{"line":56,"column":58}},"31":{"start":{"line":57,"column":17},"end":{"line":57,"column":30}},"32":{"start":{"line":61,"column":18},"end":{"line":74,"column":1}},"33":{"start":{"line":62,"column":15},"end":{"line":62,"column":30}},"34":{"start":{"line":63,"column":4},"end":{"line":73,"column":5}},"35":{"start":{"line":65,"column":12},"end":{"line":65,"column":59}},"36":{"start":{"line":67,"column":12},"end":{"line":67,"column":56}},"37":{"start":{"line":69,"column":12},"end":{"line":69,"column":40}},"38":{"start":{"line":71,"column":12},"end":{"line":71,"column":40}},"39":{"start":{"line":72,"column":17},"end":{"line":72,"column":30}},"40":{"start":{"line":76,"column":29},"end":{"line":90,"column":1}},"41":{"start":{"line":77,"column":4},"end":{"line":89,"column":5}},"42":{"start":{"line":79,"column":12},"end":{"line":79,"column":41}},"43":{"start":{"line":81,"column":12},"end":{"line":81,"column":44}},"44":{"start":{"line":83,"column":12},"end":{"line":83,"column":39}},"45":{"start":{"line":85,"column":12},"end":{"line":85,"column":40}},"46":{"start":{"line":87,"column":12},"end":{"line":87,"column":40}},"47":{"start":{"line":88,"column":17},"end":{"line":88,"column":30}},"48":{"start":{"line":93,"column":38},"end":{"line":93,"column":88}}},"fnMap":{"0":{"name":"(anonymous_0)","decl":{"start":{"line":1,"column":19},"end":{"line":1,"column":20}},"loc":{"start":{"line":1,"column":57},"end":{"line":14,"column":1}},"line":1},"1":{"name":"(anonymous_1)","decl":{"start":{"line":16,"column":22},"end":{"line":16,"column":23}},"loc":{"start":{"line":16,"column":61},"end":{"line":29,"column":1}},"line":16},"2":{"name":"(anonymous_2)","decl":{"start":{"line":31,"column":17},"end":{"line":31,"column":18}},"loc":{"start":{"line":31,"column":56},"end":{"line":44,"column":1}},"line":31},"3":{"name":"(anonymous_3)","decl":{"start":{"line":46,"column":18},"end":{"line":46,"column":19}},"loc":{"start":{"line":46,"column":57},"end":{"line":59,"column":1}},"line":46},"4":{"name":"(anonymous_4)","decl":{"start":{"line":61,"column":18},"end":{"line":61,"column":19}},"loc":{"start":{"line":61,"column":57},"end":{"line":74,"column":1}},"line":61},"5":{"name":"(anonymous_5)","decl":{"start":{"line":76,"column":29},"end":{"line":76,"column":30}},"loc":{"start":{"line":76,"column":81},"end":{"line":90,"column":1}},"line":76}},"branchMap":{"0":{"loc":{"start":{"line":3,"column":4},"end":{"line":13,"column":5}},"type":"switch","locations":[{"start":{"line":4,"column":8},"end":{"line":5,"column":39}},{"start":{"line":6,"column":8},"end":{"line":7,"column":54}},{"start":{"line":8,"column":8},"end":{"line":9,"column":54}},{"start":{"line":10,"column":8},"end":{"line":11,"column":58}},{"start":{"line":12,"column":8},"end":{"line":12,"column":30}}],"line":3},"1":{"loc":{"start":{"line":18,"column":4},"end":{"line":28,"column":5}},"type":"switch","locations":[{"start":{"line":19,"column":8},"end":{"line":20,"column":40}},{"start":{"line":21,"column":8},"end":{"line":22,"column":55}},{"start":{"line":23,"column":8},"end":{"line":24,"column":55}},{"start":{"line":25,"column":8},"end":{"line":26,"column":56}},{"start":{"line":27,"column":8},"end":{"line":27,"column":30}}],"line":18},"2":{"loc":{"start":{"line":33,"column":4},"end":{"line":43,"column":5}},"type":"switch","locations":[{"start":{"line":34,"column":8},"end":{"line":35,"column":54}},{"start":{"line":36,"column":8},"end":{"line":37,"column":54}},{"start":{"line":38,"column":8},"end":{"line":39,"column":55}},{"start":{"line":40,"column":8},"end":{"line":41,"column":58}},{"start":{"line":42,"column":8},"end":{"line":42,"column":30}}],"line":33},"3":{"loc":{"start":{"line":48,"column":4},"end":{"line":58,"column":5}},"type":"switch","locations":[{"start":{"line":49,"column":8},"end":{"line":50,"column":54}},{"start":{"line":51,"column":8},"end":{"line":52,"column":54}},{"start":{"line":53,"column":8},"end":{"line":54,"column":36}},{"start":{"line":55,"column":8},"end":{"line":56,"column":58}},{"start":{"line":57,"column":8},"end":{"line":57,"column":30}}],"line":48},"4":{"loc":{"start":{"line":63,"column":4},"end":{"line":73,"column":5}},"type":"switch","locations":[{"start":{"line":64,"column":8},"end":{"line":65,"column":59}},{"start":{"line":66,"column":8},"end":{"line":67,"column":56}},{"start":{"line":68,"column":8},"end":{"line":69,"column":40}},{"start":{"line":70,"column":8},"end":{"line":71,"column":40}},{"start":{"line":72,"column":8},"end":{"line":72,"column":30}}],"line":63},"5":{"loc":{"start":{"line":77,"column":4},"end":{"line":89,"column":5}},"type":"switch","locations":[{"start":{"line":78,"column":8},"end":{"line":79,"column":41}},{"start":{"line":80,"column":8},"end":{"line":81,"column":44}},{"start":{"line":82,"column":8},"end":{"line":83,"column":39}},{"start":{"line":84,"column":8},"end":{"line":85,"column":40}},{"start":{"line":86,"column":8},"end":{"line":87,"column":40}},{"start":{"line":88,"column":8},"end":{"line":88,"column":30}}],"line":77}},"s":{"0":1,"1":5,"2":5,"3":1,"4":1,"5":1,"6":1,"7":1,"8":1,"9":5,"10":5,"11":1,"12":1,"13":1,"14":1,"15":1,"16":1,"17":5,"18":5,"19":1,"20":1,"21":1,"22":1,"23":1,"24":1,"25":5,"26":5,"27":1,"28":1,"29":1,"30":1,"31":1,"32":1,"33":5,"34":5,"35":1,"36":1,"37":1,"38":1,"39":1,"40":1,"41":26,"42":5,"43":5,"44":5,"45":5,"46":5,"47":1,"48":1},"f":{"0":5,"1":5,"2":5,"3":5,"4":5,"5":26},"b":{"0":[1,1,1,1,1],"1":[1,1,1,1,1],"2":[1,1,1,1,1],"3":[1,1,1,1,1],"4":[1,1,1,1,1],"5":[5,5,5,5,5,1]},"_coverageSchema":"1a1c01bbd47fc00a2c39e90264f33305004495a9","hash":"9faa3d210ec4c1a4c5d72bf1790384bf1b4590e5"}
,"/Users/rpids/WebstormProjects/converter/src/functions/temperatureFunctions.ts": {"path":"/Users/rpids/WebstormProjects/converter/src/functions/temperatureFunctions.ts","statementMap":{"0":{"start":{"line":1,"column":23},"end":{"line":10,"column":1}},"1":{"start":{"line":2,"column":14},"end":{"line":2,"column":29}},"2":{"start":{"line":3,"column":4},"end":{"line":9,"column":5}},"3":{"start":{"line":5,"column":12},"end":{"line":5,"column":56}},"4":{"start":{"line":7,"column":12},"end":{"line":7,"column":63}},"5":{"start":{"line":8,"column":18},"end":{"line":8,"column":31}},"6":{"start":{"line":12,"column":19},"end":{"line":21,"column":1}},"7":{"start":{"line":13,"column":14},"end":{"line":13,"column":29}},"8":{"start":{"line":14,"column":4},"end":{"line":20,"column":5}},"9":{"start":{"line":16,"column":12},"end":{"line":16,"column":54}},"10":{"start":{"line":18,"column":12},"end":{"line":18,"column":63}},"11":{"start":{"line":19,"column":18},"end":{"line":19,"column":31}},"12":{"start":{"line":23,"column":20},"end":{"line":32,"column":1}},"13":{"start":{"line":24,"column":14},"end":{"line":24,"column":29}},"14":{"start":{"line":25,"column":4},"end":{"line":31,"column":5}},"15":{"start":{"line":27,"column":12},"end":{"line":27,"column":54}},"16":{"start":{"line":29,"column":12},"end":{"line":29,"column":54}},"17":{"start":{"line":30,"column":18},"end":{"line":30,"column":31}},"18":{"start":{"line":34,"column":34},"end":{"line":44,"column":1}},"19":{"start":{"line":35,"column":4},"end":{"line":43,"column":5}},"20":{"start":{"line":37,"column":12},"end":{"line":37,"column":45}},"21":{"start":{"line":39,"column":12},"end":{"line":39,"column":41}},"22":{"start":{"line":41,"column":12},"end":{"line":41,"column":42}},"23":{"start":{"line":42,"column":17},"end":{"line":42,"column":30}},"24":{"start":{"line":46,"column":43},"end":{"line":46,"column":79}}},"fnMap":{"0":{"name":"(anonymous_0)","decl":{"start":{"line":1,"column":23},"end":{"line":1,"column":24}},"loc":{"start":{"line":1,"column":61},"end":{"line":10,"column":1}},"line":1},"1":{"name":"(anonymous_1)","decl":{"start":{"line":12,"column":19},"end":{"line":12,"column":20}},"loc":{"start":{"line":12,"column":57},"end":{"line":21,"column":1}},"line":12},"2":{"name":"(anonymous_2)","decl":{"start":{"line":23,"column":20},"end":{"line":23,"column":21}},"loc":{"start":{"line":23,"column":58},"end":{"line":32,"column":1}},"line":23},"3":{"name":"(anonymous_3)","decl":{"start":{"line":34,"column":34},"end":{"line":34,"column":35}},"loc":{"start":{"line":34,"column":86},"end":{"line":44,"column":1}},"line":34}},"branchMap":{"0":{"loc":{"start":{"line":3,"column":4},"end":{"line":9,"column":5}},"type":"switch","locations":[{"start":{"line":4,"column":8},"end":{"line":5,"column":56}},{"start":{"line":6,"column":8},"end":{"line":7,"column":63}},{"start":{"line":8,"column":8},"end":{"line":8,"column":31}}],"line":3},"1":{"loc":{"start":{"line":14,"column":4},"end":{"line":20,"column":5}},"type":"switch","locations":[{"start":{"line":15,"column":8},"end":{"line":16,"column":54}},{"start":{"line":17,"column":8},"end":{"line":18,"column":63}},{"start":{"line":19,"column":8},"end":{"line":19,"column":31}}],"line":14},"2":{"loc":{"start":{"line":25,"column":4},"end":{"line":31,"column":5}},"type":"switch","locations":[{"start":{"line":26,"column":8},"end":{"line":27,"column":54}},{"start":{"line":28,"column":8},"end":{"line":29,"column":54}},{"start":{"line":30,"column":8},"end":{"line":30,"column":31}}],"line":25},"3":{"loc":{"start":{"line":35,"column":4},"end":{"line":43,"column":5}},"type":"switch","locations":[{"start":{"line":36,"column":8},"end":{"line":37,"column":45}},{"start":{"line":38,"column":8},"end":{"line":39,"column":41}},{"start":{"line":40,"column":8},"end":{"line":41,"column":42}},{"start":{"line":42,"column":8},"end":{"line":42,"column":30}}],"line":35}},"s":{"0":1,"1":3,"2":3,"3":1,"4":1,"5":1,"6":1,"7":3,"8":3,"9":1,"10":1,"11":1,"12":1,"13":3,"14":3,"15":1,"16":1,"17":1,"18":1,"19":10,"20":3,"21":3,"22":3,"23":1,"24":1},"f":{"0":3,"1":3,"2":3,"3":10},"b":{"0":[1,1,1],"1":[1,1,1],"2":[1,1,1],"3":[3,3,3,1]},"_coverageSchema":"1a1c01bbd47fc00a2c39e90264f33305004495a9","hash":"ad2d3e9e8f974e28d3123ed96a2f3fb872b5931a"}
,"/Users/rpids/WebstormProjects/converter/src/functions/weightFunctions.ts": {"path":"/Users/rpids/WebstormProjects/converter/src/functions/weightFunctions.ts","statementMap":{"0":{"start":{"line":1,"column":22},"end":{"line":12,"column":1}},"1":{"start":{"line":2,"column":15},"end":{"line":2,"column":30}},"2":{"start":{"line":3,"column":4},"end":{"line":11,"column":5}},"3":{"start":{"line":5,"column":12},"end":{"line":5,"column":55}},"4":{"start":{"line":7,"column":12},"end":{"line":7,"column":55}},"5":{"start":{"line":9,"column":12},"end":{"line":9,"column":40}},"6":{"start":{"line":10,"column":17},"end":{"line":10,"column":30}},"7":{"start":{"line":14,"column":18},"end":{"line":25,"column":1}},"8":{"start":{"line":15,"column":14},"end":{"line":15,"column":29}},"9":{"start":{"line":16,"column":4},"end":{"line":24,"column":5}},"10":{"start":{"line":18,"column":12},"end":{"line":18,"column":58}},"11":{"start":{"line":20,"column":12},"end":{"line":20,"column":57}},"12":{"start":{"line":22,"column":12},"end":{"line":22,"column":52}},"13":{"start":{"line":23,"column":17},"end":{"line":23,"column":30}},"14":{"start":{"line":27,"column":19},"end":{"line":38,"column":1}},"15":{"start":{"line":28,"column":14},"end":{"line":28,"column":29}},"16":{"start":{"line":29,"column":4},"end":{"line":37,"column":5}},"17":{"start":{"line":31,"column":12},"end":{"line":31,"column":57}},"18":{"start":{"line":33,"column":12},"end":{"line":33,"column":57}},"19":{"start":{"line":35,"column":12},"end":{"line":35,"column":54}},"20":{"start":{"line":36,"column":17},"end":{"line":36,"column":30}},"21":{"start":{"line":40,"column":18},"end":{"line":51,"column":1}},"22":{"start":{"line":41,"column":14},"end":{"line":41,"column":29}},"23":{"start":{"line":42,"column":4},"end":{"line":50,"column":5}},"24":{"start":{"line":44,"column":12},"end":{"line":44,"column":37}},"25":{"start":{"line":46,"column":12},"end":{"line":46,"column":58}},"26":{"start":{"line":48,"column":12},"end":{"line":48,"column":55}},"27":{"start":{"line":49,"column":17},"end":{"line":49,"column":30}},"28":{"start":{"line":53,"column":29},"end":{"line":65,"column":1}},"29":{"start":{"line":54,"column":4},"end":{"line":64,"column":5}},"30":{"start":{"line":56,"column":12},"end":{"line":56,"column":44}},"31":{"start":{"line":58,"column":12},"end":{"line":58,"column":40}},"32":{"start":{"line":60,"column":12},"end":{"line":60,"column":41}},"33":{"start":{"line":62,"column":12},"end":{"line":62,"column":41}},"34":{"start":{"line":63,"column":17},"end":{"line":63,"column":30}},"35":{"start":{"line":67,"column":38},"end":{"line":67,"column":81}}},"fnMap":{"0":{"name":"(anonymous_0)","decl":{"start":{"line":1,"column":22},"end":{"line":1,"column":23}},"loc":{"start":{"line":1,"column":61},"end":{"line":12,"column":1}},"line":1},"1":{"name":"(anonymous_1)","decl":{"start":{"line":14,"column":18},"end":{"line":14,"column":19}},"loc":{"start":{"line":14,"column":57},"end":{"line":25,"column":1}},"line":14},"2":{"name":"(anonymous_2)","decl":{"start":{"line":27,"column":19},"end":{"line":27,"column":20}},"loc":{"start":{"line":27,"column":58},"end":{"line":38,"column":1}},"line":27},"3":{"name":"(anonymous_3)","decl":{"start":{"line":40,"column":18},"end":{"line":40,"column":19}},"loc":{"start":{"line":40,"column":57},"end":{"line":51,"column":1}},"line":40},"4":{"name":"(anonymous_4)","decl":{"start":{"line":53,"column":29},"end":{"line":53,"column":30}},"loc":{"start":{"line":53,"column":81},"end":{"line":65,"column":1}},"line":53}},"branchMap":{"0":{"loc":{"start":{"line":3,"column":4},"end":{"line":11,"column":5}},"type":"switch","locations":[{"start":{"line":4,"column":8},"end":{"line":5,"column":55}},{"start":{"line":6,"column":8},"end":{"line":7,"column":55}},{"start":{"line":8,"column":8},"end":{"line":9,"column":40}},{"start":{"line":10,"column":8},"end":{"line":10,"column":30}}],"line":3},"1":{"loc":{"start":{"line":16,"column":4},"end":{"line":24,"column":5}},"type":"switch","locations":[{"start":{"line":17,"column":8},"end":{"line":18,"column":58}},{"start":{"line":19,"column":8},"end":{"line":20,"column":57}},{"start":{"line":21,"column":8},"end":{"line":22,"column":52}},{"start":{"line":23,"column":8},"end":{"line":23,"column":30}}],"line":16},"2":{"loc":{"start":{"line":29,"column":4},"end":{"line":37,"column":5}},"type":"switch","locations":[{"start":{"line":30,"column":8},"end":{"line":31,"column":57}},{"start":{"line":32,"column":8},"end":{"line":33,"column":57}},{"start":{"line":34,"column":8},"end":{"line":35,"column":54}},{"start":{"line":36,"column":8},"end":{"line":36,"column":30}}],"line":29},"3":{"loc":{"start":{"line":42,"column":4},"end":{"line":50,"column":5}},"type":"switch","locations":[{"start":{"line":43,"column":8},"end":{"line":44,"column":37}},{"start":{"line":45,"column":8},"end":{"line":46,"column":58}},{"start":{"line":47,"column":8},"end":{"line":48,"column":55}},{"start":{"line":49,"column":8},"end":{"line":49,"column":30}}],"line":42},"4":{"loc":{"start":{"line":54,"column":4},"end":{"line":64,"column":5}},"type":"switch","locations":[{"start":{"line":55,"column":8},"end":{"line":56,"column":44}},{"start":{"line":57,"column":8},"end":{"line":58,"column":40}},{"start":{"line":59,"column":8},"end":{"line":60,"column":41}},{"start":{"line":61,"column":8},"end":{"line":62,"column":41}},{"start":{"line":63,"column":8},"end":{"line":63,"column":30}}],"line":54}},"s":{"0":1,"1":4,"2":4,"3":1,"4":1,"5":1,"6":1,"7":1,"8":4,"9":4,"10":1,"11":1,"12":1,"13":1,"14":1,"15":4,"16":4,"17":1,"18":1,"19":1,"20":1,"21":1,"22":4,"23":4,"24":1,"25":1,"26":1,"27":1,"28":1,"29":17,"30":4,"31":4,"32":4,"33":4,"34":1,"35":1},"f":{"0":4,"1":4,"2":4,"3":4,"4":17},"b":{"0":[1,1,1,1],"1":[1,1,1,1],"2":[1,1,1,1],"3":[1,1,1,1],"4":[4,4,4,4,1]},"_coverageSchema":"1a1c01bbd47fc00a2c39e90264f33305004495a9","hash":"d3521f82b0e4032ab7107bd7e46da1ecb42cef4d"}
}
