TN:
SF:src/App.tsx
FN:10,(anonymous_0)
FNF:1
FNH:0
FNDA:0,(anonymous_0)
DA:10,0
DA:12,0
DA:13,0
DA:15,0
LF:4
LH:0
BRDA:19,0,0,0
BRDA:19,0,1,0
BRDA:21,1,0,0
BRDA:21,1,1,0
BRDA:23,2,0,0
BRDA:23,2,1,0
BRF:6
BRH:0
end_of_record
TN:
SF:src/index.tsx
FNF:0
FNH:0
DA:6,0
LF:1
LH:0
BRF:0
BRH:0
end_of_record
TN:
SF:src/reportWebVitals.ts
FN:3,(anonymous_0)
FN:5,(anonymous_1)
FNF:2
FNH:0
FNDA:0,(anonymous_0)
FNDA:0,(anonymous_1)
DA:3,0
DA:4,0
DA:5,0
DA:6,0
DA:7,0
DA:8,0
DA:9,0
DA:10,0
LF:8
LH:0
BRDA:4,0,0,0
BRDA:4,0,1,0
BRDA:4,1,0,0
BRDA:4,1,1,0
BRF:4
BRH:0
end_of_record
TN:
SF:src/components/Converting/Converting.tsx
FN:10,(anonymous_0)
FN:17,(anonymous_1)
FN:21,(anonymous_2)
FNF:3
FNH:0
FNDA:0,(anonymous_0)
FNDA:0,(anonymous_1)
FNDA:0,(anonymous_2)
DA:10,0
DA:12,0
DA:13,0
DA:14,0
DA:15,0
DA:17,0
DA:18,0
DA:21,0
DA:22,0
DA:25,0
LF:10
LH:0
BRF:0
BRH:0
end_of_record
TN:
SF:src/components/DateField/DateField.tsx
FN:4,(anonymous_0)
FN:7,(anonymous_1)
FN:9,(anonymous_2)
FN:12,(anonymous_3)
FNF:4
FNH:0
FNDA:0,(anonymous_0)
FNDA:0,(anonymous_1)
FNDA:0,(anonymous_2)
FNDA:0,(anonymous_3)
DA:4,0
DA:5,0
DA:7,0
DA:8,0
DA:9,0
DA:12,0
DA:13,0
DA:17,0
LF:8
LH:0
BRF:0
BRH:0
end_of_record
TN:
SF:src/components/DropDownList/DropDownList.tsx
FN:9,(anonymous_0)
FN:11,(anonymous_1)
FN:15,(anonymous_2)
FNF:3
FNH:0
FNDA:0,(anonymous_0)
FNDA:0,(anonymous_1)
FNDA:0,(anonymous_2)
DA:9,0
DA:11,0
DA:12,0
DA:14,0
DA:16,0
LF:5
LH:0
BRF:0
BRH:0
end_of_record
TN:
SF:src/components/Menu/Menu.tsx
FN:11,(anonymous_0)
FN:16,(anonymous_1)
FNF:2
FNH:0
FNDA:0,(anonymous_0)
FNDA:0,(anonymous_1)
DA:11,0
DA:12,0
DA:17,0
LF:3
LH:0
BRF:0
BRH:0
end_of_record
TN:
SF:src/components/MenuLink/MenuLink.tsx
FN:10,(anonymous_0)
FN:12,(anonymous_1)
FNF:2
FNH:0
FNDA:0,(anonymous_0)
FNDA:0,(anonymous_1)
DA:10,0
DA:11,0
DA:12,0
LF:3
LH:0
BRDA:13,0,0,0
BRDA:13,0,1,0
BRF:2
BRH:0
end_of_record
TN:
SF:src/functions/lengthFunctions.ts
FN:1,(anonymous_0)
FN:16,(anonymous_1)
FN:31,(anonymous_2)
FN:46,(anonymous_3)
FN:61,(anonymous_4)
FN:76,(anonymous_5)
FNF:6
FNH:6
FNDA:5,(anonymous_0)
FNDA:5,(anonymous_1)
FNDA:5,(anonymous_2)
FNDA:5,(anonymous_3)
FNDA:5,(anonymous_4)
FNDA:26,(anonymous_5)
DA:1,1
DA:2,5
DA:3,5
DA:5,1
DA:7,1
DA:9,1
DA:11,1
DA:12,1
DA:16,1
DA:17,5
DA:18,5
DA:20,1
DA:22,1
DA:24,1
DA:26,1
DA:27,1
DA:31,1
DA:32,5
DA:33,5
DA:35,1
DA:37,1
DA:39,1
DA:41,1
DA:42,1
DA:46,1
DA:47,5
DA:48,5
DA:50,1
DA:52,1
DA:54,1
DA:56,1
DA:57,1
DA:61,1
DA:62,5
DA:63,5
DA:65,1
DA:67,1
DA:69,1
DA:71,1
DA:72,1
DA:76,1
DA:77,26
DA:79,5
DA:81,5
DA:83,5
DA:85,5
DA:87,5
DA:88,1
DA:93,1
LF:49
LH:49
BRDA:3,0,0,1
BRDA:3,0,1,1
BRDA:3,0,2,1
BRDA:3,0,3,1
BRDA:3,0,4,1
BRDA:18,1,0,1
BRDA:18,1,1,1
BRDA:18,1,2,1
BRDA:18,1,3,1
BRDA:18,1,4,1
BRDA:33,2,0,1
BRDA:33,2,1,1
BRDA:33,2,2,1
BRDA:33,2,3,1
BRDA:33,2,4,1
BRDA:48,3,0,1
BRDA:48,3,1,1
BRDA:48,3,2,1
BRDA:48,3,3,1
BRDA:48,3,4,1
BRDA:63,4,0,1
BRDA:63,4,1,1
BRDA:63,4,2,1
BRDA:63,4,3,1
BRDA:63,4,4,1
BRDA:77,5,0,5
BRDA:77,5,1,5
BRDA:77,5,2,5
BRDA:77,5,3,5
BRDA:77,5,4,5
BRDA:77,5,5,1
BRF:31
BRH:31
end_of_record
TN:
SF:src/functions/temperatureFunctions.ts
FN:1,(anonymous_0)
FN:12,(anonymous_1)
FN:23,(anonymous_2)
FN:34,(anonymous_3)
FNF:4
FNH:4
FNDA:3,(anonymous_0)
FNDA:3,(anonymous_1)
FNDA:3,(anonymous_2)
FNDA:10,(anonymous_3)
DA:1,1
DA:2,3
DA:3,3
DA:5,1
DA:7,1
DA:8,1
DA:12,1
DA:13,3
DA:14,3
DA:16,1
DA:18,1
DA:19,1
DA:23,1
DA:24,3
DA:25,3
DA:27,1
DA:29,1
DA:30,1
DA:34,1
DA:35,10
DA:37,3
DA:39,3
DA:41,3
DA:42,1
DA:46,1
LF:25
LH:25
BRDA:3,0,0,1
BRDA:3,0,1,1
BRDA:3,0,2,1
BRDA:14,1,0,1
BRDA:14,1,1,1
BRDA:14,1,2,1
BRDA:25,2,0,1
BRDA:25,2,1,1
BRDA:25,2,2,1
BRDA:35,3,0,3
BRDA:35,3,1,3
BRDA:35,3,2,3
BRDA:35,3,3,1
BRF:13
BRH:13
end_of_record
TN:
SF:src/functions/weightFunctions.ts
FN:1,(anonymous_0)
FN:14,(anonymous_1)
FN:27,(anonymous_2)
FN:40,(anonymous_3)
FN:53,(anonymous_4)
FNF:5
FNH:5
FNDA:4,(anonymous_0)
FNDA:4,(anonymous_1)
FNDA:4,(anonymous_2)
FNDA:4,(anonymous_3)
FNDA:17,(anonymous_4)
DA:1,1
DA:2,4
DA:3,4
DA:5,1
DA:7,1
DA:9,1
DA:10,1
DA:14,1
DA:15,4
DA:16,4
DA:18,1
DA:20,1
DA:22,1
DA:23,1
DA:27,1
DA:28,4
DA:29,4
DA:31,1
DA:33,1
DA:35,1
DA:36,1
DA:40,1
DA:41,4
DA:42,4
DA:44,1
DA:46,1
DA:48,1
DA:49,1
DA:53,1
DA:54,17
DA:56,4
DA:58,4
DA:60,4
DA:62,4
DA:63,1
DA:67,1
LF:36
LH:36
BRDA:3,0,0,1
BRDA:3,0,1,1
BRDA:3,0,2,1
BRDA:3,0,3,1
BRDA:16,1,0,1
BRDA:16,1,1,1
BRDA:16,1,2,1
BRDA:16,1,3,1
BRDA:29,2,0,1
BRDA:29,2,1,1
BRDA:29,2,2,1
BRDA:29,2,3,1
BRDA:42,3,0,1
BRDA:42,3,1,1
BRDA:42,3,2,1
BRDA:42,3,3,1
BRDA:54,4,0,4
BRDA:54,4,1,4
BRDA:54,4,2,4
BRDA:54,4,3,4
BRDA:54,4,4,1
BRF:21
BRH:21
end_of_record
